[16:36:15.382][info] [#0:/home/ankit/.local/share/nvim/mason/packages/lua-language-server/libexec/main.lua:68]: Lua Lsp startup, root: 	/home/ankit/.local/share/nvim/mason/packages/lua-language-server/libexec
[16:36:15.382][info] [#0:/home/ankit/.local/share/nvim/mason/packages/lua-language-server/libexec/main.lua:69]: ROOT:	/home/ankit/.local/share/nvim/mason/packages/lua-language-server/libexec
[16:36:15.382][info] [#0:/home/ankit/.local/share/nvim/mason/packages/lua-language-server/libexec/main.lua:70]: LOGPATH:	/home/ankit/.local/share/nvim/mason/packages/lua-language-server/libexec/log
[16:36:15.382][info] [#0:/home/ankit/.local/share/nvim/mason/packages/lua-language-server/libexec/main.lua:71]: METAPATH:	/home/ankit/.local/share/nvim/mason/packages/lua-language-server/libexec/meta
[16:36:15.383][info] [#0:/home/ankit/.local/share/nvim/mason/packages/lua-language-server/libexec/main.lua:72]: VERSION:	3.10.4
[16:36:15.436][info] [#0:script/proto/proto.lua:234]: Listen Mode: stdio
[16:36:15.436][info] [#0:script/service/service.lua:146]: 
========= Medical Examination Report =========
    --------------- Memory ---------------
        Total: 2.237 MB
        # 00 : 2.237 MB
        # 01 : 0.000 MB
        # 02 : 0.000 MB
        # 03 : 0.000 MB
        # 04 : 0.000 MB
    --------------- Coroutine ---------------
        Total:     0
        Running:   0
        Suspended: 0
        Normal:    0
        Dead:      0
    --------------- Cache ---------------
        Total: 1
        Dead:  0
    ---------------  RPC  ---------------
        Holdon:   0
        Waiting:  0
==============================================
[16:36:15.444][info] [#0:script/client.lua:657]: Client init	{
  capabilities = {
    general = {
      positionEncodings = { "utf-16" }
    },
    textDocument = {
      callHierarchy = {
        dynamicRegistration = false
      },
      codeAction = {
        codeActionLiteralSupport = {
          codeActionKind = {
            valueSet = { "", "quickfix", "refactor", "refactor.extract", "refactor.inline", "refactor.rewrite", "source", "source.organizeImports" }
          }
        },
        dataSupport = true,
        dynamicRegistration = true,
        isPreferredSupport = true,
        resolveSupport = {
          properties = { "edit" }
        }
      },
      codeLens = {
        dynamicRegistration = false,
        resolveSupport = {
          properties = { "command" }
        }
      },
      completion = {
        completionItem = {
          commitCharactersSupport = true,
          deprecatedSupport = true,
          documentationFormat = { "markdown", "plaintext" },
          insertReplaceSupport = true,
          labelDetailsSupport = true,
          preselectSupport = true,
          resolveSupport = {
            properties = { "documentation", "detail", "additionalTextEdits" }
          },
          snippetSupport = true,
          tagSupport = {
            valueSet = { 1 }
          }
        },
        completionItemKind = {
          valueSet = { 1, 2, 3, 4, 5, 6, 7, 8, 9, 10, 11, 12, 13, 14, 15, 16, 17, 18, 19, 20, 21, 22, 23, 24, 25 }
        },
        completionList = {
          itemDefaults = { "editRange", "insertTextFormat", "insertTextMode", "data" }
        },
        contextSupport = false,
        dynamicRegistration = false
      },
      declaration = {
        linkSupport = true
      },
      definition = {
        dynamicRegistration = true,
        linkSupport = true
      },
      diagnostic = {
        dynamicRegistration = false
      },
      documentHighlight = {
        dynamicRegistration = false
      },
      documentSymbol = {
        dynamicRegistration = false,
        hierarchicalDocumentSymbolSupport = true,
        symbolKind = {
          valueSet = { 1, 2, 3, 4, 5, 6, 7, 8, 9, 10, 11, 12, 13, 14, 15, 16, 17, 18, 19, 20, 21, 22, 23, 24, 25, 26 }
        }
      },
      formatting = {
        dynamicRegistration = true
      },
      hover = {
        contentFormat = { "markdown", "plaintext" },
        dynamicRegistration = true
      },
      implementation = {
        linkSupport = true
      },
      inlayHint = {
        dynamicRegistration = true,
        resolveSupport = {
          properties = { "textEdits", "tooltip", "location", "command" }
        }
      },
      publishDiagnostics = {
        dataSupport = true,
        relatedInformation = true,
        tagSupport = {
          valueSet = { 1, 2 }
        }
      },
      rangeFormatting = {
        dynamicRegistration = true,
        rangesSupport = true
      },
      references = {
        dynamicRegistration = false
      },
      rename = {
        dynamicRegistration = true,
        prepareSupport = true
      },
      semanticTokens = {
        augmentsSyntaxTokens = true,
        dynamicRegistration = false,
        formats = { "relative" },
        multilineTokenSupport = false,
        overlappingTokenSupport = true,
        requests = {
          full = {
            delta = true
          },
          range = false
        },
        serverCancelSupport = false,
        tokenModifiers = { "declaration", "definition", "readonly", "static", "deprecated", "abstract", "async", "modification", "documentation", "defaultLibrary" },
        tokenTypes = { "namespace", "type", "class", "enum", "interface", "struct", "typeParameter", "parameter", "variable", "property", "enumMember", "event", "function", "method", "macro", "keyword", "modifier", "comment", "string", "number", "regexp", "operator", "decorator" }
      },
      signatureHelp = {
        dynamicRegistration = false,
        signatureInformation = {
          activeParameterSupport = true,
          documentationFormat = { "markdown", "plaintext" },
          parameterInformation = {
            labelOffsetSupport = true
          }
        }
      },
      synchronization = {
        didSave = true,
        dynamicRegistration = false,
        willSave = true,
        willSaveWaitUntil = true
      },
      typeDefinition = {
        linkSupport = true
      }
    },
    window = {
      showDocument = {
        support = true
      },
      showMessage = {
        messageActionItem = {
          additionalPropertiesSupport = false
        }
      },
      workDoneProgress = true
    },
    workspace = {
      applyEdit = true,
      configuration = true,
      didChangeConfiguration = {
        dynamicRegistration = false
      },
      didChangeWatchedFiles = {
        dynamicRegistration = false,
        relativePatternSupport = true
      },
      inlayHint = {
        refreshSupport = true
      },
      semanticTokens = {
        refreshSupport = true
      },
      symbol = {
        dynamicRegistration = false,
        symbolKind = {
          valueSet = { 1, 2, 3, 4, 5, 6, 7, 8, 9, 10, 11, 12, 13, 14, 15, 16, 17, 18, 19, 20, 21, 22, 23, 24, 25, 26 }
        }
      },
      workspaceEdit = {
        resourceOperations = { "rename", "create", "delete" }
      },
      workspaceFolders = true
    }
  },
  clientInfo = {
    name = "Neovim",
    version = "0.11.0-dev"
  },
  initializationOptions = {},
  processId = 94768,
  rootPath = "/home/ankit/.local/share/nvim/lazy/base46",
  rootUri = "file:///home/ankit/.local/share/nvim/lazy/base46",
  trace = "off",
  workDoneToken = "1",
  workspaceFolders = { {
      name = "/home/ankit/.local/share/nvim/lazy/base46",
      uri = "file:///home/ankit/.local/share/nvim/lazy/base46"
    } }
}
[16:36:15.445][info] [#0:script/language.lua:137]: VSC language: nil
[16:36:15.445][info] [#0:script/language.lua:138]: LS  language: en-us
[16:36:15.445][info] [#0:script/workspace/workspace.lua:38]: Workspace init root: 	file:///home/ankit/.local/share/nvim/lazy/base46
[16:36:15.445][info] [#0:script/workspace/workspace.lua:42]: Log path: 	/home/ankit/.local/share/nvim/mason/packages/lua-language-server/libexec/log/file_home_ankit_.local_share_nvim_lazy_base46.log
[16:36:15.445][info] [#0:script/workspace/workspace.lua:48]: Workspace create: 	file:///home/ankit/.local/share/nvim/lazy/base46
[16:36:15.651][info] [#0:script/provider/provider.lua:46]: Load config from client	file:///home/ankit/.local/share/nvim/lazy/base46
[16:36:15.651][info] [#0:script/provider/provider.lua:47]: {
  Lua = {
    diagnostics = {
      globals = { "vim" }
    },
    workspace = {
      library = { "/usr/local/share/nvim/runtime/lua", "/usr/local/share/nvim/runtime/lua/vim/lsp", "/home/ankit/.local/share/nvim/lazy/ui/nvchad_types", "/home/ankit/.local/share/nvim/lazy/lazy.nvim/lua/lazy", "${3rd}/luv/library" },
      maxPreload = 100000,
      preloadFileSize = 10000
    }
  }
}
[16:36:15.651][info] [#0:script/provider/provider.lua:46]: Load config from client	file:///home/ankit/.local/share/nvim/lazy/base46
[16:36:15.651][info] [#0:script/provider/provider.lua:47]: {
  Lua = {
    diagnostics = {
      globals = { "vim" }
    },
    workspace = {
      library = { "/usr/local/share/nvim/runtime/lua", "/usr/local/share/nvim/runtime/lua/vim/lsp", "/home/ankit/.local/share/nvim/lazy/ui/nvchad_types", "/home/ankit/.local/share/nvim/lazy/lazy.nvim/lua/lazy", "${3rd}/luv/library" },
      maxPreload = 100000,
      preloadFileSize = 10000
    }
  }
}
[16:36:15.752][info] [#0:script/provider/provider.lua:61]: Load config from client	fallback
[16:36:15.752][info] [#0:script/provider/provider.lua:62]: {
  Lua = {
    diagnostics = {
      globals = { "vim" }
    },
    workspace = {
      library = { "/usr/local/share/nvim/runtime/lua", "/usr/local/share/nvim/runtime/lua/vim/lsp", "/home/ankit/.local/share/nvim/lazy/ui/nvchad_types", "/home/ankit/.local/share/nvim/lazy/lazy.nvim/lua/lazy", "${3rd}/luv/library" },
      maxPreload = 100000,
      preloadFileSize = 10000
    }
  }
}
[16:36:15.752][info] [#0:script/provider/provider.lua:61]: Load config from client	fallback
[16:36:15.752][info] [#0:script/provider/provider.lua:62]: {
  Lua = {
    diagnostics = {
      globals = { "vim" }
    },
    workspace = {
      library = { "/usr/local/share/nvim/runtime/lua", "/usr/local/share/nvim/runtime/lua/vim/lsp", "/home/ankit/.local/share/nvim/lazy/ui/nvchad_types", "/home/ankit/.local/share/nvim/lazy/lazy.nvim/lua/lazy", "${3rd}/luv/library" },
      maxPreload = 100000,
      preloadFileSize = 10000
    }
  }
}
[16:36:15.871][info] [#0:script/library.lua:212]: Init builtin library at:	file:///home/ankit/.local/share/nvim/lazy/base46
[16:36:15.889][info] [#0:script/library.lua:212]: Init builtin library at:	nil
[16:36:16.000][info] [#0:script/workspace/workspace.lua:324]: Preload start:	file:///home/ankit/.local/share/nvim/lazy/base46
[16:36:16.009][info] [#0:script/workspace/workspace.lua:330]: Scan files at:	file:///home/ankit/.local/share/nvim/lazy/base46
[16:36:16.011][info] [#0:script/workspace/workspace.lua:324]: Preload start:	<fallback>
[16:36:16.013][info] [#0:script/workspace/workspace.lua:353]: Scan library at:	file:///home/ankit/.local/share/nvim/mason/packages/lua-language-server/libexec/meta/Lua%205.4%20en-us%20utf8/coroutine.lua
[16:36:16.014][info] [#0:script/workspace/workspace.lua:353]: Scan library at:	file:///home/ankit/.local/share/nvim/mason/packages/lua-language-server/libexec/meta/Lua%205.4%20en-us%20utf8/debug.lua
[16:36:16.015][info] [#0:script/workspace/workspace.lua:353]: Scan library at:	file:///usr/local/share/nvim/runtime/lua
[16:36:16.041][info] [#0:script/workspace/workspace.lua:353]: Scan library at:	file:///home/ankit/.local/share/nvim/mason/packages/lua-language-server/libexec/meta/Lua%205.4%20en-us%20utf8/coroutine.lua
[16:36:16.041][info] [#0:script/workspace/workspace.lua:353]: Scan library at:	file:///home/ankit/.local/share/nvim/mason/packages/lua-language-server/libexec/meta/Lua%205.4%20en-us%20utf8/debug.lua
[16:36:16.041][info] [#0:script/workspace/workspace.lua:353]: Scan library at:	file:///usr/local/share/nvim/runtime/lua
[16:36:16.042][info] [#0:script/workspace/workspace.lua:353]: Scan library at:	file:///home/ankit/.local/share/nvim/mason/packages/lua-language-server/libexec/meta/Lua%205.4%20en-us%20utf8/utf8.lua
[16:36:16.042][info] [#0:script/workspace/workspace.lua:353]: Scan library at:	file:///home/ankit/.local/share/nvim/lazy/lazy.nvim/lua/lazy
[16:36:16.054][info] [#0:script/workspace/workspace.lua:353]: Scan library at:	file:///home/ankit/.local/share/nvim/mason/packages/lua-language-server/libexec/meta/Lua%205.4%20en-us%20utf8/table.lua
[16:36:16.054][info] [#0:script/workspace/workspace.lua:353]: Scan library at:	file:///home/ankit/.local/share/nvim/mason/packages/lua-language-server/libexec/meta/Lua%205.4%20en-us%20utf8/math.lua
[16:36:16.055][info] [#0:script/workspace/workspace.lua:353]: Scan library at:	file:///home/ankit/.local/share/nvim/mason/packages/lua-language-server/libexec/meta/Lua%205.4%20en-us%20utf8/package.lua
[16:36:16.055][info] [#0:script/workspace/workspace.lua:353]: Scan library at:	file:///home/ankit/.local/share/nvim/mason/packages/lua-language-server/libexec/meta/Lua%205.4%20en-us%20utf8/io.lua
[16:36:16.055][info] [#0:script/workspace/workspace.lua:353]: Scan library at:	file:///home/ankit/.local/share/nvim/mason/packages/lua-language-server/libexec/meta/Lua%205.4%20en-us%20utf8/builtin.lua
[16:36:16.055][info] [#0:script/workspace/workspace.lua:353]: Scan library at:	file:///home/ankit/.local/share/nvim/mason/packages/lua-language-server/libexec/meta/Lua%205.4%20en-us%20utf8/os.lua
[16:36:16.055][info] [#0:script/workspace/workspace.lua:353]: Scan library at:	file:///home/ankit/.local/share/nvim/mason/packages/lua-language-server/libexec/meta/Lua%205.4%20en-us%20utf8/basic.lua
[16:36:16.056][info] [#0:script/workspace/workspace.lua:353]: Scan library at:	file:///home/ankit/.local/share/nvim/mason/packages/lua-language-server/libexec/meta/Lua%205.4%20en-us%20utf8/string.lua
[16:36:16.056][info] [#0:script/workspace/workspace.lua:353]: Scan library at:	file:///home/ankit/.local/share/nvim/mason/packages/lua-language-server/libexec/meta/3rd/luv/library
[16:36:16.061][info] [#0:script/workspace/workspace.lua:353]: Scan library at:	file:///usr/local/share/nvim/runtime/lua/vim/lsp
[16:36:16.065][info] [#0:script/workspace/workspace.lua:353]: Scan library at:	file:///home/ankit/.local/share/nvim/lazy/ui/nvchad_types
[16:36:16.067][info] [#0:script/workspace/workspace.lua:353]: Scan library at:	file:///home/ankit/.local/share/nvim/mason/packages/lua-language-server/libexec/meta/Lua%205.4%20en-us%20utf8/utf8.lua
[16:36:16.067][info] [#0:script/workspace/workspace.lua:353]: Scan library at:	file:///home/ankit/.local/share/nvim/lazy/lazy.nvim/lua/lazy
[16:36:16.072][info] [#0:script/workspace/workspace.lua:353]: Scan library at:	file:///home/ankit/.local/share/nvim/mason/packages/lua-language-server/libexec/meta/Lua%205.4%20en-us%20utf8/table.lua
[16:36:16.073][info] [#0:script/workspace/workspace.lua:353]: Scan library at:	file:///home/ankit/.local/share/nvim/mason/packages/lua-language-server/libexec/meta/Lua%205.4%20en-us%20utf8/math.lua
[16:36:16.073][info] [#0:script/workspace/workspace.lua:353]: Scan library at:	file:///home/ankit/.local/share/nvim/mason/packages/lua-language-server/libexec/meta/Lua%205.4%20en-us%20utf8/package.lua
[16:36:16.073][info] [#0:script/workspace/workspace.lua:353]: Scan library at:	file:///home/ankit/.local/share/nvim/mason/packages/lua-language-server/libexec/meta/Lua%205.4%20en-us%20utf8/io.lua
[16:36:16.073][info] [#0:script/workspace/workspace.lua:353]: Scan library at:	file:///home/ankit/.local/share/nvim/mason/packages/lua-language-server/libexec/meta/Lua%205.4%20en-us%20utf8/builtin.lua
[16:36:16.073][info] [#0:script/workspace/workspace.lua:353]: Scan library at:	file:///home/ankit/.local/share/nvim/mason/packages/lua-language-server/libexec/meta/Lua%205.4%20en-us%20utf8/os.lua
[16:36:16.073][info] [#0:script/workspace/workspace.lua:353]: Scan library at:	file:///home/ankit/.local/share/nvim/mason/packages/lua-language-server/libexec/meta/Lua%205.4%20en-us%20utf8/basic.lua
[16:36:16.073][info] [#0:script/workspace/workspace.lua:353]: Scan library at:	file:///home/ankit/.local/share/nvim/mason/packages/lua-language-server/libexec/meta/Lua%205.4%20en-us%20utf8/string.lua
[16:36:16.074][info] [#0:script/workspace/workspace.lua:353]: Scan library at:	file:///home/ankit/.local/share/nvim/mason/packages/lua-language-server/libexec/meta/3rd/luv/library
[16:36:16.076][info] [#0:script/workspace/workspace.lua:353]: Scan library at:	file:///usr/local/share/nvim/runtime/lua/vim/lsp
[16:36:16.078][info] [#0:script/workspace/workspace.lua:353]: Scan library at:	file:///home/ankit/.local/share/nvim/lazy/ui/nvchad_types
[16:36:16.179][info] [#0:script/workspace/workspace.lua:379]: Found 231 files at:	<fallback>
[16:36:16.179][info] [#0:script/workspace/loading.lua:161]: Load files from disk:	<fallback>
[16:36:16.179][info] [#0:script/workspace/workspace.lua:379]: Found 339 files at:	file:///home/ankit/.local/share/nvim/lazy/base46
[16:36:16.179][info] [#0:script/workspace/loading.lua:161]: Load files from disk:	file:///home/ankit/.local/share/nvim/lazy/base46
[16:36:16.185][info] [#0:script/workspace/loading.lua:101]: Preload file at: file:///home/ankit/.local/share/nvim/lazy/ui/nvchad_types/all_hl_groups.lua , size = 86.901 KB
[16:36:16.233][info] [#0:script/workspace/loading.lua:113]: ++++As library of:	file:///home/ankit/.local/share/nvim/lazy/ui/nvchad_types
[16:36:16.233][info] [#0:script/workspace/loading.lua:98]: Skip loaded file: file:///home/ankit/.local/share/nvim/lazy/ui/nvchad_types/all_hl_groups.lua
[16:36:16.233][info] [#0:script/workspace/loading.lua:101]: Preload file at: file:///home/ankit/.local/share/nvim/lazy/ui/nvchad_types/base46.lua , size = 6.033 KB
[16:36:16.236][info] [#0:script/workspace/loading.lua:113]: ++++As library of:	file:///home/ankit/.local/share/nvim/lazy/ui/nvchad_types
[16:36:16.236][info] [#0:script/workspace/loading.lua:98]: Skip loaded file: file:///home/ankit/.local/share/nvim/lazy/ui/nvchad_types/base46.lua
[16:36:16.236][info] [#0:script/workspace/loading.lua:101]: Preload file at: file:///home/ankit/.local/share/nvim/lazy/ui/nvchad_types/plugins.lua , size = 5.781 KB
[16:36:16.239][info] [#0:script/workspace/loading.lua:113]: ++++As library of:	file:///home/ankit/.local/share/nvim/lazy/ui/nvchad_types
[16:36:16.239][info] [#0:script/workspace/loading.lua:98]: Skip loaded file: file:///home/ankit/.local/share/nvim/lazy/ui/nvchad_types/plugins.lua
[16:36:16.239][info] [#0:script/workspace/loading.lua:101]: Preload file at: file:///home/ankit/.local/share/nvim/lazy/ui/nvchad_types/themes.lua , size = 5.847 KB
[16:36:16.242][info] [#0:script/workspace/loading.lua:113]: ++++As library of:	file:///home/ankit/.local/share/nvim/lazy/ui/nvchad_types
[16:36:16.242][info] [#0:script/workspace/loading.lua:98]: Skip loaded file: file:///home/ankit/.local/share/nvim/lazy/ui/nvchad_types/themes.lua
[16:36:16.242][info] [#0:script/workspace/loading.lua:101]: Preload file at: file:///home/ankit/.local/share/nvim/lazy/ui/nvchad_types/chadrc.lua , size = 5.437 KB
[16:36:16.246][info] [#0:script/workspace/loading.lua:113]: ++++As library of:	file:///home/ankit/.local/share/nvim/lazy/ui/nvchad_types
[16:36:16.246][info] [#0:script/workspace/loading.lua:98]: Skip loaded file: file:///home/ankit/.local/share/nvim/lazy/ui/nvchad_types/chadrc.lua
[16:36:16.246][info] [#0:script/workspace/loading.lua:101]: Preload file at: file:///home/ankit/.local/share/nvim/lazy/ui/nvchad_types/keymaps.lua , size = 1.461 KB
[16:36:16.247][info] [#0:script/workspace/loading.lua:113]: ++++As library of:	file:///home/ankit/.local/share/nvim/lazy/ui/nvchad_types
[16:36:16.247][info] [#0:script/workspace/loading.lua:98]: Skip loaded file: file:///home/ankit/.local/share/nvim/lazy/ui/nvchad_types/keymaps.lua
[16:36:16.247][info] [#0:script/workspace/loading.lua:101]: Preload file at: file:///usr/local/share/nvim/runtime/lua/vim/lsp/rpc.lua , size = 26.100 KB
[16:36:16.267][info] [#0:script/workspace/loading.lua:113]: ++++As library of:	file:///usr/local/share/nvim/runtime/lua/vim/lsp
[16:36:16.267][info] [#0:script/workspace/loading.lua:98]: Skip loaded file: file:///usr/local/share/nvim/runtime/lua/vim/lsp/rpc.lua
[16:36:16.267][info] [#0:script/workspace/loading.lua:101]: Preload file at: file:///usr/local/share/nvim/runtime/lua/vim/lsp/health.lua , size = 5.412 KB
[16:36:16.271][info] [#0:script/workspace/loading.lua:113]: ++++As library of:	file:///usr/local/share/nvim/runtime/lua/vim/lsp
[16:36:16.271][info] [#0:script/workspace/loading.lua:98]: Skip loaded file: file:///usr/local/share/nvim/runtime/lua/vim/lsp/health.lua
[16:36:16.271][info] [#0:script/workspace/loading.lua:101]: Preload file at: file:///usr/local/share/nvim/runtime/lua/vim/lsp/_meta.lua , size = 0.440 KB
[16:36:16.271][info] [#0:script/workspace/loading.lua:113]: ++++As library of:	file:///usr/local/share/nvim/runtime/lua/vim/lsp
[16:36:16.271][info] [#0:script/workspace/loading.lua:98]: Skip loaded file: file:///usr/local/share/nvim/runtime/lua/vim/lsp/_meta.lua
[16:36:16.271][info] [#0:script/workspace/loading.lua:101]: Preload file at: file:///usr/local/share/nvim/runtime/lua/vim/lsp/_meta/protocol.lua , size = 175.331 KB
[16:36:16.337][info] [#0:script/workspace/loading.lua:113]: ++++As library of:	file:///usr/local/share/nvim/runtime/lua/vim/lsp
[16:36:16.337][info] [#0:script/workspace/loading.lua:98]: Skip loaded file: file:///usr/local/share/nvim/runtime/lua/vim/lsp/_meta/protocol.lua
[16:36:16.337][info] [#0:script/workspace/loading.lua:101]: Preload file at: file:///usr/local/share/nvim/runtime/lua/vim/lsp/completion.lua , size = 22.327 KB
[16:36:16.350][info] [#0:script/workspace/loading.lua:113]: ++++As library of:	file:///usr/local/share/nvim/runtime/lua/vim/lsp
[16:36:16.350][info] [#0:script/workspace/loading.lua:98]: Skip loaded file: file:///usr/local/share/nvim/runtime/lua/vim/lsp/completion.lua
[16:36:16.350][info] [#0:script/workspace/loading.lua:101]: Preload file at: file:///usr/local/share/nvim/runtime/lua/vim/lsp/_snippet_grammar.lua , size = 6.179 KB
[16:36:16.355][info] [#0:script/workspace/loading.lua:113]: ++++As library of:	file:///usr/local/share/nvim/runtime/lua/vim/lsp
[16:36:16.356][info] [#0:script/workspace/loading.lua:98]: Skip loaded file: file:///usr/local/share/nvim/runtime/lua/vim/lsp/_snippet_grammar.lua
[16:36:16.356][info] [#0:script/workspace/loading.lua:101]: Preload file at: file:///usr/local/share/nvim/runtime/lua/vim/lsp/log.lua , size = 4.695 KB
[16:36:16.359][info] [#0:script/workspace/loading.lua:113]: ++++As library of:	file:///usr/local/share/nvim/runtime/lua/vim/lsp
[16:36:16.359][info] [#0:script/workspace/loading.lua:98]: Skip loaded file: file:///usr/local/share/nvim/runtime/lua/vim/lsp/log.lua
[16:36:16.359][info] [#0:script/workspace/loading.lua:101]: Preload file at: file:///usr/local/share/nvim/runtime/lua/vim/lsp/_watchfiles.lua , size = 6.893 KB
[16:36:16.374][info] [#0:script/workspace/loading.lua:113]: ++++As library of:	file:///usr/local/share/nvim/runtime/lua/vim/lsp
[16:36:16.374][info] [#0:script/workspace/loading.lua:98]: Skip loaded file: file:///usr/local/share/nvim/runtime/lua/vim/lsp/_watchfiles.lua
[16:36:16.374][info] [#0:script/workspace/loading.lua:101]: Preload file at: file:///usr/local/share/nvim/runtime/lua/vim/lsp/semantic_tokens.lua , size = 26.729 KB
[16:36:16.388][info] [#0:script/workspace/loading.lua:113]: ++++As library of:	file:///usr/local/share/nvim/runtime/lua/vim/lsp
[16:36:16.388][info] [#0:script/workspace/loading.lua:98]: Skip loaded file: file:///usr/local/share/nvim/runtime/lua/vim/lsp/semantic_tokens.lua
[16:36:16.389][info] [#0:script/workspace/loading.lua:101]: Preload file at: file:///usr/local/share/nvim/runtime/lua/vim/lsp/handlers.lua , size = 26.831 KB
[16:36:16.404][info] [#0:script/workspace/loading.lua:113]: ++++As library of:	file:///usr/local/share/nvim/runtime/lua/vim/lsp
[16:36:16.404][info] [#0:script/workspace/loading.lua:98]: Skip loaded file: file:///usr/local/share/nvim/runtime/lua/vim/lsp/handlers.lua
[16:36:16.404][info] [#0:script/workspace/loading.lua:101]: Preload file at: file:///usr/local/share/nvim/runtime/lua/vim/lsp/inlay_hint.lua , size = 12.312 KB
[16:36:16.414][info] [#0:script/workspace/loading.lua:113]: ++++As library of:	file:///usr/local/share/nvim/runtime/lua/vim/lsp
[16:36:16.414][info] [#0:script/workspace/loading.lua:98]: Skip loaded file: file:///usr/local/share/nvim/runtime/lua/vim/lsp/inlay_hint.lua
[16:36:16.414][info] [#0:script/workspace/loading.lua:101]: Preload file at: file:///usr/local/share/nvim/runtime/lua/vim/lsp/sync.lua , size = 16.744 KB
[16:36:16.422][info] [#0:script/workspace/loading.lua:113]: ++++As library of:	file:///usr/local/share/nvim/runtime/lua/vim/lsp
[16:36:16.422][info] [#0:script/workspace/loading.lua:98]: Skip loaded file: file:///usr/local/share/nvim/runtime/lua/vim/lsp/sync.lua
[16:36:16.422][info] [#0:script/workspace/loading.lua:101]: Preload file at: file:///usr/local/share/nvim/runtime/lua/vim/lsp/util.lua , size = 73.737 KB
[16:36:16.464][info] [#0:script/workspace/loading.lua:113]: ++++As library of:	file:///usr/local/share/nvim/runtime/lua/vim/lsp
[16:36:16.465][info] [#0:script/workspace/loading.lua:98]: Skip loaded file: file:///usr/local/share/nvim/runtime/lua/vim/lsp/util.lua
[16:36:16.465][info] [#0:script/workspace/loading.lua:101]: Preload file at: file:///usr/local/share/nvim/runtime/lua/vim/lsp/buf.lua , size = 31.725 KB
[16:36:16.495][info] [#0:script/workspace/loading.lua:113]: ++++As library of:	file:///usr/local/share/nvim/runtime/lua/vim/lsp
[16:36:16.495][info] [#0:script/workspace/loading.lua:98]: Skip loaded file: file:///usr/local/share/nvim/runtime/lua/vim/lsp/buf.lua
[16:36:16.495][info] [#0:script/workspace/loading.lua:101]: Preload file at: file:///usr/local/share/nvim/runtime/lua/vim/lsp/_changetracking.lua , size = 11.492 KB
[16:36:16.501][info] [#0:script/workspace/loading.lua:113]: ++++As library of:	file:///usr/local/share/nvim/runtime/lua/vim/lsp
[16:36:16.501][info] [#0:script/workspace/loading.lua:98]: Skip loaded file: file:///usr/local/share/nvim/runtime/lua/vim/lsp/_changetracking.lua
[16:36:16.501][info] [#0:script/workspace/loading.lua:101]: Preload file at: file:///usr/local/share/nvim/runtime/lua/vim/lsp/_dynamic.lua , size = 2.922 KB
[16:36:16.504][info] [#0:script/workspace/loading.lua:113]: ++++As library of:	file:///usr/local/share/nvim/runtime/lua/vim/lsp
[16:36:16.504][info] [#0:script/workspace/loading.lua:98]: Skip loaded file: file:///usr/local/share/nvim/runtime/lua/vim/lsp/_dynamic.lua
[16:36:16.504][info] [#0:script/workspace/loading.lua:101]: Preload file at: file:///usr/local/share/nvim/runtime/lua/vim/lsp/diagnostic.lua , size = 13.852 KB
[16:36:16.512][info] [#0:script/workspace/loading.lua:113]: ++++As library of:	file:///usr/local/share/nvim/runtime/lua/vim/lsp
[16:36:16.512][info] [#0:script/workspace/loading.lua:98]: Skip loaded file: file:///usr/local/share/nvim/runtime/lua/vim/lsp/diagnostic.lua
[16:36:16.513][info] [#0:script/workspace/loading.lua:101]: Preload file at: file:///usr/local/share/nvim/runtime/lua/vim/lsp/_tagfunc.lua , size = 2.787 KB
[16:36:16.515][info] [#0:script/workspace/loading.lua:113]: ++++As library of:	file:///usr/local/share/nvim/runtime/lua/vim/lsp
[16:36:16.515][info] [#0:script/workspace/loading.lua:98]: Skip loaded file: file:///usr/local/share/nvim/runtime/lua/vim/lsp/_tagfunc.lua
[16:36:16.515][info] [#0:script/workspace/loading.lua:101]: Preload file at: file:///usr/local/share/nvim/runtime/lua/vim/lsp/protocol.lua , size = 36.760 KB
[16:36:16.528][info] [#0:script/workspace/loading.lua:113]: ++++As library of:	file:///usr/local/share/nvim/runtime/lua/vim/lsp
[16:36:16.528][info] [#0:script/workspace/loading.lua:98]: Skip loaded file: file:///usr/local/share/nvim/runtime/lua/vim/lsp/protocol.lua
[16:36:16.528][info] [#0:script/workspace/loading.lua:101]: Preload file at: file:///usr/local/share/nvim/runtime/lua/vim/lsp/codelens.lua , size = 9.336 KB
[16:36:16.537][info] [#0:script/workspace/loading.lua:113]: ++++As library of:	file:///usr/local/share/nvim/runtime/lua/vim/lsp
[16:36:16.537][info] [#0:script/workspace/loading.lua:98]: Skip loaded file: file:///usr/local/share/nvim/runtime/lua/vim/lsp/codelens.lua
[16:36:16.537][info] [#0:script/provider/provider.lua:169]: Server shutdown.
[16:36:16.541][info] [#0:script/workspace/loading.lua:101]: Preload file at: file:///usr/local/share/nvim/runtime/lua/vim/lsp/client.lua , size = 38.059 KB
[16:36:16.583][info] [#0:script/workspace/loading.lua:113]: ++++As library of:	file:///usr/local/share/nvim/runtime/lua/vim/lsp
[16:36:16.583][info] [#0:script/workspace/loading.lua:98]: Skip loaded file: file:///usr/local/share/nvim/runtime/lua/vim/lsp/client.lua
[16:36:16.583][info] [#0:script/workspace/loading.lua:101]: Preload file at: file:///home/ankit/.local/share/nvim/mason/packages/lua-language-server/libexec/meta/3rd/luv/library/uv_poll_t.lua , size = 2.646 KB
[16:36:16.586][info] [#0:script/workspace/loading.lua:113]: ++++As library of:	file:///home/ankit/.local/share/nvim/mason/packages/lua-language-server/libexec/meta/3rd/luv/library
[16:36:16.586][info] [#0:script/workspace/loading.lua:98]: Skip loaded file: file:///home/ankit/.local/share/nvim/mason/packages/lua-language-server/libexec/meta/3rd/luv/library/uv_poll_t.lua
[16:36:16.586][info] [#0:script/workspace/loading.lua:101]: Preload file at: file:///home/ankit/.local/share/nvim/mason/packages/lua-language-server/libexec/meta/3rd/luv/library/uv_idle_t.lua , size = 1.074 KB
[16:36:16.588][info] [#0:script/workspace/loading.lua:113]: ++++As library of:	file:///home/ankit/.local/share/nvim/mason/packages/lua-language-server/libexec/meta/3rd/luv/library
[16:36:16.588][info] [#0:script/workspace/loading.lua:98]: Skip loaded file: file:///home/ankit/.local/share/nvim/mason/packages/lua-language-server/libexec/meta/3rd/luv/library/uv_idle_t.lua
[16:36:16.588][info] [#0:script/provider/provider.lua:162]: Server exited.
